{"meta": {"format": 3, "version": "7.14.1", "timestamp": "2026-06-02T04:03:24.278775", "branch_coverage": false, "show_contexts": false}, "files": {"confidence/calculator.py": {"executed_lines": [16, 17, 18, 19, 20, 21, 23, 25, 28, 29, 30, 32, 34, 35, 36, 37, 38, 39, 40, 45, 47, 48, 49, 50, 59, 61, 63, 64, 65, 69, 70, 71, 72, 73, 74, 75, 76, 77, 82, 84, 85, 86, 92, 93, 94, 95, 96, 97, 98, 99, 101, 103, 108, 110, 112, 114, 115, 119, 121, 122, 123, 125, 127, 128, 129, 130, 131, 132, 135, 138, 139, 143, 145, 154, 155, 158], "summary": {"covered_lines": 76, "num_statements": 101, "percent_covered": 75.24752475247524, "percent_covered_display": "75", "missing_lines": 25, "excluded_lines": 0, "percent_statements_covered": 75.24752475247524, "percent_statements_covered_display": "75"}, "missing_lines": [41, 42, 43, 51, 52, 53, 54, 55, 56, 57, 58, 78, 79, 80, 104, 105, 106, 111, 113, 117, 159, 160, 161, 162, 163], "excluded_lines": [], "functions": {"SelixConfidenceCalculator.__init__": {"executed_lines": [29, 30], "summary": {"covered_lines": 2, "num_statements": 2, "percent_covered": 100.0, "percent_covered_display": "100", "missing_lines": 0, "excluded_lines": 0, "percent_statements_covered": 100.0, "percent_statements_covered_display": "100"}, "missing_lines": [], "excluded_lines": [], "start_line": 28}, "SelixConfidenceCalculator.get_brent_volatility": {"executed_lines": [34, 35, 36, 37, 38, 39, 40], "summary": {"covered_lines": 7, "num_statements": 10, "percent_covered": 70.0, "percent_covered_display": "70", "missing_lines": 3, "excluded_lines": 0, "percent_statements_covered": 70.0, "percent_statements_covered_display": "70"}, "missing_lines": [41, 42, 43], "excluded_lines": [], "start_line": 32}, "SelixConfidenceCalculator.get_combustiveis_stability": {"executed_lines": [47, 48, 49, 50, 59], "summary": {"covered_lines": 5, "num_statements": 13, "percent_covered": 38.46153846153846, "percent_covered_display": "38", "missing_lines": 8, "excluded_lines": 0, "percent_statements_covered": 38.46153846153846, "percent_statements_covered_display": "38"}, "missing_lines": [51, 52, 53, 54, 55, 56, 57, 58], "excluded_lines": [], "start_line": 45}, "SelixConfidenceCalculator.get_geopolitical_risk": {"executed_lines": [63, 64, 65, 69, 70, 71, 72, 73, 74, 75, 76, 77], "summary": {"covered_lines": 12, "num_statements": 15, "percent_covered": 80.0, "percent_covered_display": "80", "missing_lines": 3, "excluded_lines": 0, "percent_statements_covered": 80.0, "percent_statements_covered_display": "80"}, "missing_lines": [78, 79, 80], "excluded_lines": [], "start_line": 61}, "SelixConfidenceCalculator.get_sentdex_score": {"executed_lines": [84, 85, 86, 92, 93, 94, 95, 96, 97, 98, 99, 101, 103], "summary": {"covered_lines": 13, "num_statements": 16, "percent_covered": 81.25, "percent_covered_display": "81", "missing_lines": 3, "excluded_lines": 0, "percent_statements_covered": 81.25, "percent_statements_covered_display": "81"}, "missing_lines": [104, 105, 106], "excluded_lines": [], "start_line": 82}, "SelixConfidenceCalculator.get_mix_confidence": {"executed_lines": [110, 112, 114, 115], "summary": {"covered_lines": 4, "num_statements": 7, "percent_covered": 57.142857142857146, "percent_covered_display": "57", "missing_lines": 3, "excluded_lines": 0, "percent_statements_covered": 57.142857142857146, "percent_statements_covered_display": "57"}, "missing_lines": [111, 113, 117], "excluded_lines": [], "start_line": 108}, "SelixConfidenceCalculator.get_current_brent": {"executed_lines": [121, 122, 123], "summary": {"covered_lines": 3, "num_statements": 3, "percent_covered": 100.0, "percent_covered_display": "100", "missing_lines": 0, "excluded_lines": 0, "percent_statements_covered": 100.0, "percent_statements_covered_display": "100"}, "missing_lines": [], "excluded_lines": [], "start_line": 119}, "SelixConfidenceCalculator.calculate": {"executed_lines": [127, 128, 129, 130, 131, 132, 135, 138, 139, 143, 145], "summary": {"covered_lines": 11, "num_statements": 11, "percent_covered": 100.0, "percent_covered_display": "100", "missing_lines": 0, "excluded_lines": 0, "percent_statements_covered": 100.0, "percent_statements_covered_display": "100"}, "missing_lines": [], "excluded_lines": [], "start_line": 125}, "SelixConfidenceCalculator.close": {"executed_lines": [155], "summary": {"covered_lines": 1, "num_statements": 1, "percent_covered": 100.0, "percent_covered_display": "100", "missing_lines": 0, "excluded_lines": 0, "percent_statements_covered": 100.0, "percent_statements_covered_display": "100"}, "missing_lines": [], "excluded_lines": [], "start_line": 154}, "": {"executed_lines": [16, 17, 18, 19, 20, 21, 23, 25, 28, 32, 45, 61, 82, 108, 119, 125, 154, 158], "summary": {"covered_lines": 18, "num_statements": 23, "percent_covered": 78.26086956521739, "percent_covered_display": "78", "missing_lines": 5, "excluded_lines": 0, "percent_statements_covered": 78.26086956521739, "percent_statements_covered_display": "78"}, "missing_lines": [159, 160, 161, 162, 163], "excluded_lines": [], "start_line": 1}}, "classes": {"SelixConfidenceCalculator": {"executed_lines": [29, 30, 34, 35, 36, 37, 38, 39, 40, 47, 48, 49, 50, 59, 63, 64, 65, 69, 70, 71, 72, 73, 74, 75, 76, 77, 84, 85, 86, 92, 93, 94, 95, 96, 97, 98, 99, 101, 103, 110, 112, 114, 115, 121, 122, 123, 127, 128, 129, 130, 131, 132, 135, 138, 139, 143, 145, 155], "summary": {"covered_lines": 58, "num_statements": 78, "percent_covered": 74.35897435897436, "percent_covered_display": "74", "missing_lines": 20, "excluded_lines": 0, "percent_statements_covered": 74.35897435897436, "percent_statements_covered_display": "74"}, "missing_lines": [41, 42, 43, 51, 52, 53, 54, 55, 56, 57, 58, 78, 79, 80, 104, 105, 106, 111, 113, 117], "excluded_lines": [], "start_line": 25}, "": {"executed_lines": [16, 17, 18, 19, 20, 21, 23, 25, 28, 32, 45, 61, 82, 108, 119, 125, 154, 158], "summary": {"covered_lines": 18, "num_statements": 23, "percent_covered": 78.26086956521739, "percent_covered_display": "78", "missing_lines": 5, "excluded_lines": 0, "percent_statements_covered": 78.26086956521739, "percent_statements_covered_display": "78"}, "missing_lines": [159, 160, 161, 162, 163], "excluded_lines": [], "start_line": 1}}}, "confidence/geo_energy_risk.py": {"executed_lines": [8, 9, 10, 11, 12, 14, 15, 17, 23, 24, 25, 26, 28, 29, 30, 31, 32, 33, 38, 39, 40, 41, 42, 43, 48, 49, 51, 52, 53, 54, 55, 56, 63, 64, 65, 66, 67, 71, 72, 73, 74, 76, 77, 78, 80, 81, 83, 84, 85, 86, 87, 88, 89, 91, 92, 98, 99, 103, 105, 106, 107, 108, 110, 115, 120, 121, 123, 126], "summary": {"covered_lines": 68, "num_statements": 101, "percent_covered": 67.32673267326733, "percent_covered_display": "67", "missing_lines": 33, "excluded_lines": 0, "percent_statements_covered": 67.32673267326733, "percent_statements_covered_display": "67"}, "missing_lines": [18, 19, 20, 21, 34, 35, 36, 44, 45, 46, 57, 58, 59, 60, 61, 68, 69, 124, 127, 128, 129, 131, 133, 134, 135, 136, 137, 139, 140, 141, 143, 144, 145], "excluded_lines": [], "functions": {"log": {"executed_lines": [], "summary": {"covered_lines": 0, "num_statements": 4, "percent_covered": 0.0, "percent_covered_display": "0", "missing_lines": 4, "excluded_lines": 0, "percent_statements_covered": 0.0, "percent_statements_covered_display": "0"}, "missing_lines": [18, 19, 20, 21], "excluded_lines": [], "start_line": 17}, "GeoEnergyRiskCalculator.__init__": {"executed_lines": [25, 26], "summary": {"covered_lines": 2, "num_statements": 2, "percent_covered": 100.0, "percent_covered_display": "100", "missing_lines": 0, "excluded_lines": 0, "percent_statements_covered": 100.0, "percent_statements_covered_display": "100"}, "missing_lines": [], "excluded_lines": [], "start_line": 24}, "GeoEnergyRiskCalculator.get_ttf_price": {"executed_lines": [29, 30, 31, 32, 33], "summary": {"covered_lines": 5, "num_statements": 8, "percent_covered": 62.5, "percent_covered_display": "62", "missing_lines": 3, "excluded_lines": 0, "percent_statements_covered": 62.5, "percent_statements_covered_display": "62"}, "missing_lines": [34, 35, 36], "excluded_lines": [], "start_line": 28}, "GeoEnergyRiskCalculator.get_hh_price": {"executed_lines": [39, 40, 41, 42, 43], "summary": {"covered_lines": 5, "num_statements": 8, "percent_covered": 62.5, "percent_covered_display": "62", "missing_lines": 3, "excluded_lines": 0, "percent_statements_covered": 62.5, "percent_statements_covered_display": "62"}, "missing_lines": [44, 45, 46], "excluded_lines": [], "start_line": 38}, "GeoEnergyRiskCalculator.get_jkm_price": {"executed_lines": [49], "summary": {"covered_lines": 1, "num_statements": 1, "percent_covered": 100.0, "percent_covered_display": "100", "missing_lines": 0, "excluded_lines": 0, "percent_statements_covered": 100.0, "percent_statements_covered_display": "100"}, "missing_lines": [], "excluded_lines": [], "start_line": 48}, "GeoEnergyRiskCalculator.get_brent_price": {"executed_lines": [52, 53, 54, 55, 56], "summary": {"covered_lines": 5, "num_statements": 10, "percent_covered": 50.0, "percent_covered_display": "50", "missing_lines": 5, "excluded_lines": 0, "percent_statements_covered": 50.0, "percent_statements_covered_display": "50"}, "missing_lines": [57, 58, 59, 60, 61], "excluded_lines": [], "start_line": 51}, "GeoEnergyRiskCalculator.get_brazil_mix": {"executed_lines": [64, 65, 66, 67], "summary": {"covered_lines": 4, "num_statements": 6, "percent_covered": 66.66666666666667, "percent_covered_display": "67", "missing_lines": 2, "excluded_lines": 0, "percent_statements_covered": 66.66666666666667, "percent_statements_covered_display": "67"}, "missing_lines": [68, 69], "excluded_lines": [], "start_line": 63}, "GeoEnergyRiskCalculator.calculate_brazil_risk_score": {"executed_lines": [72, 73, 74, 76, 77, 78, 80, 81], "summary": {"covered_lines": 8, "num_statements": 8, "percent_covered": 100.0, "percent_covered_display": "100", "missing_lines": 0, "excluded_lines": 0, "percent_statements_covered": 100.0, "percent_statements_covered_display": "100"}, "missing_lines": [], "excluded_lines": [], "start_line": 71}, "GeoEnergyRiskCalculator.get_rating_from_score": {"executed_lines": [84, 85, 86, 87, 88, 89], "summary": {"covered_lines": 6, "num_statements": 6, "percent_covered": 100.0, "percent_covered_display": "100", "missing_lines": 0, "excluded_lines": 0, "percent_statements_covered": 100.0, "percent_statements_covered_display": "100"}, "missing_lines": [], "excluded_lines": [], "start_line": 83}, "GeoEnergyRiskCalculator.update_prices": {"executed_lines": [92, 98, 99, 103], "summary": {"covered_lines": 4, "num_statements": 4, "percent_covered": 100.0, "percent_covered_display": "100", "missing_lines": 0, "excluded_lines": 0, "percent_statements_covered": 100.0, "percent_statements_covered_display": "100"}, "missing_lines": [], "excluded_lines": [], "start_line": 91}, "GeoEnergyRiskCalculator.save_risk_rating": {"executed_lines": [106, 107, 108, 110, 115, 120, 121], "summary": {"covered_lines": 7, "num_statements": 7, "percent_covered": 100.0, "percent_covered_display": "100", "missing_lines": 0, "excluded_lines": 0, "percent_statements_covered": 100.0, "percent_statements_covered_display": "100"}, "missing_lines": [], "excluded_lines": [], "start_line": 105}, "GeoEnergyRiskCalculator.close": {"executed_lines": [], "summary": {"covered_lines": 0, "num_statements": 1, "percent_covered": 0.0, "percent_covered_display": "0", "missing_lines": 1, "excluded_lines": 0, "percent_statements_covered": 0.0, "percent_statements_covered_display": "0"}, "missing_lines": [124], "excluded_lines": [], "start_line": 123}, "": {"executed_lines": [8, 9, 10, 11, 12, 14, 15, 17, 23, 24, 28, 38, 48, 51, 63, 71, 83, 91, 105, 123, 126], "summary": {"covered_lines": 21, "num_statements": 36, "percent_covered": 58.333333333333336, "percent_covered_display": "58", "missing_lines": 15, "excluded_lines": 0, "percent_statements_covered": 58.333333333333336, "percent_statements_covered_display": "58"}, "missing_lines": [127, 128, 129, 131, 133, 134, 135, 136, 137, 139, 140, 141, 143, 144, 145], "excluded_lines": [], "start_line": 1}}, "classes": {"GeoEnergyRiskCalculator": {"executed_lines": [25, 26, 29, 30, 31, 32, 33, 39, 40, 41, 42, 43, 49, 52, 53, 54, 55, 56, 64, 65, 66, 67, 72, 73, 74, 76, 77, 78, 80, 81, 84, 85, 86, 87, 88, 89, 92, 98, 99, 103, 106, 107, 108, 110, 115, 120, 121], "summary": {"covered_lines": 47, "num_statements": 61, "percent_covered": 77.04918032786885, "percent_covered_display": "77", "missing_lines": 14, "excluded_lines": 0, "percent_statements_covered": 77.04918032786885, "percent_statements_covered_display": "77"}, "missing_lines": [34, 35, 36, 44, 45, 46, 57, 58, 59, 60, 61, 68, 69, 124], "excluded_lines": [], "start_line": 23}, "": {"executed_lines": [8, 9, 10, 11, 12, 14, 15, 17, 23, 24, 28, 38, 48, 51, 63, 71, 83, 91, 105, 123, 126], "summary": {"covered_lines": 21, "num_statements": 40, "percent_covered": 52.5, "percent_covered_display": "52", "missing_lines": 19, "excluded_lines": 0, "percent_statements_covered": 52.5, "percent_statements_covered_display": "52"}, "missing_lines": [18, 19, 20, 21, 127, 128, 129, 131, 133, 134, 135, 136, 137, 139, 140, 141, 143, 144, 145], "excluded_lines": [], "start_line": 1}}}, "src/api/key_manager.py": {"executed_lines": [1, 2, 3, 4, 5, 6, 8, 9, 11, 12, 14, 17, 33, 34, 35, 36, 37, 41, 42, 43, 44, 49], "summary": {"covered_lines": 22, "num_statements": 40, "percent_covered": 55.0, "percent_covered_display": "55", "missing_lines": 18, "excluded_lines": 0, "percent_statements_covered": 55.0, "percent_statements_covered_display": "55"}, "missing_lines": [15, 18, 19, 20, 21, 22, 24, 25, 29, 30, 31, 45, 46, 47, 50, 51, 52, 53], "excluded_lines": [], "functions": {"hash_key": {"executed_lines": [12], "summary": {"covered_lines": 1, "num_statements": 1, "percent_covered": 100.0, "percent_covered_display": "100", "missing_lines": 0, "excluded_lines": 0, "percent_statements_covered": 100.0, "percent_statements_covered_display": "100"}, "missing_lines": [], "excluded_lines": [], "start_line": 11}, "generate_raw_key": {"executed_lines": [], "summary": {"covered_lines": 0, "num_statements": 1, "percent_covered": 0.0, "percent_covered_display": "0", "missing_lines": 1, "excluded_lines": 0, "percent_statements_covered": 0.0, "percent_statements_covered_display": "0"}, "missing_lines": [15], "excluded_lines": [], "start_line": 14}, "create_api_key": {"executed_lines": [], "summary": {"covered_lines": 0, "num_statements": 10, "percent_covered": 0.0, "percent_covered_display": "0", "missing_lines": 10, "excluded_lines": 0, "percent_statements_covered": 0.0, "percent_statements_covered_display": "0"}, "missing_lines": [18, 19, 20, 21, 22, 24, 25, 29, 30, 31], "excluded_lines": [], "start_line": 17}, "verify_api_key": {"executed_lines": [34, 35, 36, 37, 41, 42, 43, 44], "summary": {"covered_lines": 8, "num_statements": 11, "percent_covered": 72.72727272727273, "percent_covered_display": "73", "missing_lines": 3, "excluded_lines": 0, "percent_statements_covered": 72.72727272727273, "percent_statements_covered_display": "73"}, "missing_lines": [45, 46, 47], "excluded_lines": [], "start_line": 33}, "revoke_api_key": {"executed_lines": [], "summary": {"covered_lines": 0, "num_statements": 4, "percent_covered": 0.0, "percent_covered_display": "0", "missing_lines": 4, "excluded_lines": 0, "percent_statements_covered": 0.0, "percent_statements_covered_display": "0"}, "missing_lines": [50, 51, 52, 53], "excluded_lines": [], "start_line": 49}, "": {"executed_lines": [1, 2, 3, 4, 5, 6, 8, 9, 11, 14, 17, 33, 49], "summary": {"covered_lines": 13, "num_statements": 13, "percent_covered": 100.0, "percent_covered_display": "100", "missing_lines": 0, "excluded_lines": 0, "percent_statements_covered": 100.0, "percent_statements_covered_display": "100"}, "missing_lines": [], "excluded_lines": [], "start_line": 1}}, "classes": {"": {"executed_lines": [1, 2, 3, 4, 5, 6, 8, 9, 11, 12, 14, 17, 33, 34, 35, 36, 37, 41, 42, 43, 44, 49], "summary": {"covered_lines": 22, "num_statements": 40, "percent_covered": 55.0, "percent_covered_display": "55", "missing_lines": 18, "excluded_lines": 0, "percent_statements_covered": 55.0, "percent_statements_covered_display": "55"}, "missing_lines": [15, 18, 19, 20, 21, 22, 24, 25, 29, 30, 31, 45, 46, 47, 50, 51, 52, 53], "excluded_lines": [], "start_line": 1}}}, "src/api/main_v4.py": {"executed_lines": [2, 3, 4, 5, 6, 7, 8, 9, 10, 12, 13, 14, 15, 20, 22, 23, 24, 25, 26, 27, 29, 30, 31, 43, 45, 46, 47, 53, 58, 66, 67, 68, 70, 71, 79, 80, 86, 87, 96, 97, 98, 114, 115, 116, 125, 126, 127, 136, 137, 138, 147, 148, 149, 158, 159, 160, 169, 170, 171, 192, 193, 194, 207, 208, 209, 223, 225, 226, 227, 239, 247, 248, 249, 260, 261, 262, 273, 274, 275, 296, 297, 299, 300, 324, 325], "summary": {"covered_lines": 85, "num_statements": 249, "percent_covered": 34.136546184738954, "percent_covered_display": "34", "missing_lines": 164, "excluded_lines": 0, "percent_statements_covered": 34.136546184738954, "percent_statements_covered_display": "34"}, "missing_lines": [33, 34, 35, 36, 37, 39, 40, 42, 48, 49, 50, 51, 52, 59, 60, 61, 72, 81, 88, 99, 100, 101, 102, 103, 104, 105, 106, 117, 118, 119, 120, 121, 122, 123, 128, 129, 130, 131, 132, 133, 134, 139, 140, 141, 142, 143, 144, 145, 150, 151, 152, 153, 154, 155, 156, 161, 162, 163, 164, 165, 166, 167, 172, 173, 174, 175, 176, 177, 178, 179, 180, 181, 182, 183, 184, 185, 186, 187, 188, 189, 190, 195, 196, 197, 198, 199, 200, 201, 202, 203, 204, 205, 210, 211, 212, 213, 214, 215, 217, 218, 228, 229, 230, 231, 232, 233, 234, 235, 236, 237, 240, 241, 250, 251, 256, 257, 258, 263, 264, 265, 266, 267, 268, 269, 270, 271, 276, 277, 278, 279, 280, 281, 282, 283, 284, 285, 286, 287, 288, 289, 290, 291, 301, 302, 303, 304, 305, 306, 307, 308, 309, 311, 312, 314, 315, 316, 317, 318, 319, 320, 321, 322, 326, 327], "excluded_lines": [], "functions": {"require_api_key": {"executed_lines": [24, 43], "summary": {"covered_lines": 2, "num_statements": 2, "percent_covered": 100.0, "percent_covered_display": "100", "missing_lines": 0, "excluded_lines": 0, "percent_statements_covered": 100.0, "percent_statements_covered_display": "100"}, "missing_lines": [], "excluded_lines": [], "start_line": 22}, "require_api_key.decorated": {"executed_lines": [25, 26, 27, 29, 30, 31], "summary": {"covered_lines": 6, "num_statements": 14, "percent_covered": 42.857142857142854, "percent_covered_display": "43", "missing_lines": 8, "excluded_lines": 0, "percent_statements_covered": 42.857142857142854, "percent_statements_covered_display": "43"}, "missing_lines": [33, 34, 35, 36, 37, 39, 40, 42], "excluded_lines": [], "start_line": 24}, "require_master_key": {"executed_lines": [47, 53], "summary": {"covered_lines": 2, "num_statements": 2, "percent_covered": 100.0, "percent_covered_display": "100", "missing_lines": 0, "excluded_lines": 0, "percent_statements_covered": 100.0, "percent_statements_covered_display": "100"}, "missing_lines": [], "excluded_lines": [], "start_line": 45}, "require_master_key.decorated": {"executed_lines": [], "summary": {"covered_lines": 0, "num_statements": 5, "percent_covered": 0.0, "percent_covered_display": "0", "missing_lines": 5, "excluded_lines": 0, "percent_statements_covered": 0.0, "percent_statements_covered_display": "0"}, "missing_lines": [48, 49, 50, 51, 52], "excluded_lines": [], "start_line": 47}, "get_db": {"executed_lines": [], "summary": {"covered_lines": 0, "num_statements": 3, "percent_covered": 0.0, "percent_covered_display": "0", "missing_lines": 3, "excluded_lines": 0, "percent_statements_covered": 0.0, "percent_statements_covered_display": "0"}, "missing_lines": [59, 60, 61], "excluded_lines": [], "start_line": 58}, "health": {"executed_lines": [68], "summary": {"covered_lines": 1, "num_statements": 1, "percent_covered": 100.0, "percent_covered_display": "100", "missing_lines": 0, "excluded_lines": 0, "percent_statements_covered": 100.0, "percent_statements_covered_display": "100"}, "missing_lines": [], "excluded_lines": [], "start_line": 67}, "get_mistura_por_brent": {"executed_lines": [], "summary": {"covered_lines": 0, "num_statements": 1, "percent_covered": 0.0, "percent_covered_display": "0", "missing_lines": 1, "excluded_lines": 0, "percent_statements_covered": 0.0, "percent_statements_covered_display": "0"}, "missing_lines": [72], "excluded_lines": [], "start_line": 71}, "get_termicas": {"executed_lines": [], "summary": {"covered_lines": 0, "num_statements": 1, "percent_covered": 0.0, "percent_covered_display": "0", "missing_lines": 1, "excluded_lines": 0, "percent_statements_covered": 0.0, "percent_statements_covered_display": "0"}, "missing_lines": [81], "excluded_lines": [], "start_line": 80}, "get_gatilhos": {"executed_lines": [], "summary": {"covered_lines": 0, "num_statements": 1, "percent_covered": 0.0, "percent_covered_display": "0", "missing_lines": 1, "excluded_lines": 0, "percent_statements_covered": 0.0, "percent_statements_covered_display": "0"}, "missing_lines": [88], "excluded_lines": [], "start_line": 87}, "get_mistura": {"executed_lines": [], "summary": {"covered_lines": 0, "num_statements": 8, "percent_covered": 0.0, "percent_covered_display": "0", "missing_lines": 8, "excluded_lines": 0, "percent_statements_covered": 0.0, "percent_statements_covered_display": "0"}, "missing_lines": [99, 100, 101, 102, 103, 104, 105, 106], "excluded_lines": [], "start_line": 98}, "get_commodities": {"executed_lines": [], "summary": {"covered_lines": 0, "num_statements": 7, "percent_covered": 0.0, "percent_covered_display": "0", "missing_lines": 7, "excluded_lines": 0, "percent_statements_covered": 0.0, "percent_statements_covered_display": "0"}, "missing_lines": [117, 118, 119, 120, 121, 122, 123], "excluded_lines": [], "start_line": 116}, "get_empresas_rj": {"executed_lines": [], "summary": {"covered_lines": 0, "num_statements": 7, "percent_covered": 0.0, "percent_covered_display": "0", "missing_lines": 7, "excluded_lines": 0, "percent_statements_covered": 0.0, "percent_statements_covered_display": "0"}, "missing_lines": [128, 129, 130, 131, 132, 133, 134], "excluded_lines": [], "start_line": 127}, "get_selic": {"executed_lines": [], "summary": {"covered_lines": 0, "num_statements": 7, "percent_covered": 0.0, "percent_covered_display": "0", "missing_lines": 7, "excluded_lines": 0, "percent_statements_covered": 0.0, "percent_statements_covered_display": "0"}, "missing_lines": [139, 140, 141, 142, 143, 144, 145], "excluded_lines": [], "start_line": 138}, "get_precos_energeticos": {"executed_lines": [], "summary": {"covered_lines": 0, "num_statements": 7, "percent_covered": 0.0, "percent_covered_display": "0", "missing_lines": 7, "excluded_lines": 0, "percent_statements_covered": 0.0, "percent_statements_covered_display": "0"}, "missing_lines": [150, 151, 152, 153, 154, 155, 156], "excluded_lines": [], "start_line": 149}, "get_sentimento": {"executed_lines": [], "summary": {"covered_lines": 0, "num_statements": 7, "percent_covered": 0.0, "percent_covered_display": "0", "missing_lines": 7, "excluded_lines": 0, "percent_statements_covered": 0.0, "percent_statements_covered_display": "0"}, "missing_lines": [161, 162, 163, 164, 165, 166, 167], "excluded_lines": [], "start_line": 160}, "alertas_geral": {"executed_lines": [], "summary": {"covered_lines": 0, "num_statements": 19, "percent_covered": 0.0, "percent_covered_display": "0", "missing_lines": 19, "excluded_lines": 0, "percent_statements_covered": 0.0, "percent_statements_covered_display": "0"}, "missing_lines": [172, 173, 174, 175, 176, 177, 178, 179, 180, 181, 182, 183, 184, 185, 186, 187, 188, 189, 190], "excluded_lines": [], "start_line": 171}, "faq": {"executed_lines": [], "summary": {"covered_lines": 0, "num_statements": 11, "percent_covered": 0.0, "percent_covered_display": "0", "missing_lines": 11, "excluded_lines": 0, "percent_statements_covered": 0.0, "percent_statements_covered_display": "0"}, "missing_lines": [195, 196, 197, 198, 199, 200, 201, 202, 203, 204, 205], "excluded_lines": [], "start_line": 194}, "perguntar_selix": {"executed_lines": [], "summary": {"covered_lines": 0, "num_statements": 8, "percent_covered": 0.0, "percent_covered_display": "0", "missing_lines": 8, "excluded_lines": 0, "percent_statements_covered": 0.0, "percent_statements_covered_display": "0"}, "missing_lines": [210, 211, 212, 213, 214, 215, 217, 218], "excluded_lines": [], "start_line": 209}, "admin_generate_key": {"executed_lines": [], "summary": {"covered_lines": 0, "num_statements": 10, "percent_covered": 0.0, "percent_covered_display": "0", "missing_lines": 10, "excluded_lines": 0, "percent_statements_covered": 0.0, "percent_statements_covered_display": "0"}, "missing_lines": [228, 229, 230, 231, 232, 233, 234, 235, 236, 237], "excluded_lines": [], "start_line": 227}, "admin_list_keys": {"executed_lines": [], "summary": {"covered_lines": 0, "num_statements": 5, "percent_covered": 0.0, "percent_covered_display": "0", "missing_lines": 5, "excluded_lines": 0, "percent_statements_covered": 0.0, "percent_statements_covered_display": "0"}, "missing_lines": [250, 251, 256, 257, 258], "excluded_lines": [], "start_line": 249}, "admin_revoke_key": {"executed_lines": [], "summary": {"covered_lines": 0, "num_statements": 9, "percent_covered": 0.0, "percent_covered_display": "0", "missing_lines": 9, "excluded_lines": 0, "percent_statements_covered": 0.0, "percent_statements_covered_display": "0"}, "missing_lines": [263, 264, 265, 266, 267, 268, 269, 270, 271], "excluded_lines": [], "start_line": 262}, "admin_renew_key": {"executed_lines": [], "summary": {"covered_lines": 0, "num_statements": 16, "percent_covered": 0.0, "percent_covered_display": "0", "missing_lines": 16, "excluded_lines": 0, "percent_statements_covered": 0.0, "percent_statements_covered_display": "0"}, "missing_lines": [276, 277, 278, 279, 280, 281, 282, 283, 284, 285, 286, 287, 288, 289, 290, 291], "excluded_lines": [], "start_line": 275}, "stripe_webhook": {"executed_lines": [], "summary": {"covered_lines": 0, "num_statements": 20, "percent_covered": 0.0, "percent_covered_display": "0", "missing_lines": 20, "excluded_lines": 0, "percent_statements_covered": 0.0, "percent_statements_covered_display": "0"}, "missing_lines": [301, 302, 303, 304, 305, 306, 307, 308, 309, 311, 312, 314, 315, 316, 317, 318, 319, 320, 321, 322], "excluded_lines": [], "start_line": 300}, "api_docs": {"executed_lines": [], "summary": {"covered_lines": 0, "num_statements": 2, "percent_covered": 0.0, "percent_covered_display": "0", "missing_lines": 2, "excluded_lines": 0, "percent_statements_covered": 0.0, "percent_statements_covered_display": "0"}, "missing_lines": [326, 327], "excluded_lines": [], "start_line": 325}, "": {"executed_lines": [2, 3, 4, 5, 6, 7, 8, 9, 10, 12, 13, 14, 15, 20, 22, 23, 45, 46, 58, 66, 67, 70, 71, 79, 80, 86, 87, 96, 97, 98, 114, 115, 116, 125, 126, 127, 136, 137, 138, 147, 148, 149, 158, 159, 160, 169, 170, 171, 192, 193, 194, 207, 208, 209, 223, 225, 226, 227, 239, 247, 248, 249, 260, 261, 262, 273, 274, 275, 296, 297, 299, 300, 324, 325], "summary": {"covered_lines": 74, "num_statements": 76, "percent_covered": 97.36842105263158, "percent_covered_display": "97", "missing_lines": 2, "excluded_lines": 0, "percent_statements_covered": 97.36842105263158, "percent_statements_covered_display": "97"}, "missing_lines": [240, 241], "excluded_lines": [], "start_line": 1}}, "classes": {"": {"executed_lines": [2, 3, 4, 5, 6, 7, 8, 9, 10, 12, 13, 14, 15, 20, 22, 23, 24, 25, 26, 27, 29, 30, 31, 43, 45, 46, 47, 53, 58, 66, 67, 68, 70, 71, 79, 80, 86, 87, 96, 97, 98, 114, 115, 116, 125, 126, 127, 136, 137, 138, 147, 148, 149, 158, 159, 160, 169, 170, 171, 192, 193, 194, 207, 208, 209, 223, 225, 226, 227, 239, 247, 248, 249, 260, 261, 262, 273, 274, 275, 296, 297, 299, 300, 324, 325], "summary": {"covered_lines": 85, "num_statements": 249, "percent_covered": 34.136546184738954, "percent_covered_display": "34", "missing_lines": 164, "excluded_lines": 0, "percent_statements_covered": 34.136546184738954, "percent_statements_covered_display": "34"}, "missing_lines": [33, 34, 35, 36, 37, 39, 40, 42, 48, 49, 50, 51, 52, 59, 60, 61, 72, 81, 88, 99, 100, 101, 102, 103, 104, 105, 106, 117, 118, 119, 120, 121, 122, 123, 128, 129, 130, 131, 132, 133, 134, 139, 140, 141, 142, 143, 144, 145, 150, 151, 152, 153, 154, 155, 156, 161, 162, 163, 164, 165, 166, 167, 172, 173, 174, 175, 176, 177, 178, 179, 180, 181, 182, 183, 184, 185, 186, 187, 188, 189, 190, 195, 196, 197, 198, 199, 200, 201, 202, 203, 204, 205, 210, 211, 212, 213, 214, 215, 217, 218, 228, 229, 230, 231, 232, 233, 234, 235, 236, 237, 240, 241, 250, 251, 256, 257, 258, 263, 264, 265, 266, 267, 268, 269, 270, 271, 276, 277, 278, 279, 280, 281, 282, 283, 284, 285, 286, 287, 288, 289, 290, 291, 301, 302, 303, 304, 305, 306, 307, 308, 309, 311, 312, 314, 315, 316, 317, 318, 319, 320, 321, 322, 326, 327], "excluded_lines": [], "start_line": 1}}}, "src/selix/core.py": {"executed_lines": [3, 4, 5, 6, 7, 8, 10, 11, 12, 13, 14, 15, 16, 18, 19, 27, 30, 34, 36, 37, 38, 49, 64], "summary": {"covered_lines": 23, "num_statements": 38, "percent_covered": 60.526315789473685, "percent_covered_display": "61", "missing_lines": 15, "excluded_lines": 0, "percent_statements_covered": 60.526315789473685, "percent_statements_covered_display": "61"}, "missing_lines": [31, 32, 50, 51, 52, 53, 54, 55, 56, 57, 58, 59, 60, 61, 65], "excluded_lines": [], "functions": {"SELIX.__init__": {"executed_lines": [11, 12, 13, 14, 15, 16], "summary": {"covered_lines": 6, "num_statements": 6, "percent_covered": 100.0, "percent_covered_display": "100", "missing_lines": 0, "excluded_lines": 0, "percent_statements_covered": 100.0, "percent_statements_covered_display": "100"}, "missing_lines": [], "excluded_lines": [], "start_line": 10}, "SELIX.calcular_selix": {"executed_lines": [19, 27, 30, 34], "summary": {"covered_lines": 4, "num_statements": 6, "percent_covered": 66.66666666666667, "percent_covered_display": "67", "missing_lines": 2, "excluded_lines": 0, "percent_statements_covered": 66.66666666666667, "percent_statements_covered_display": "67"}, "missing_lines": [31, 32], "excluded_lines": [], "start_line": 18}, "SELIX.diagnosticar": {"executed_lines": [37, 38], "summary": {"covered_lines": 2, "num_statements": 2, "percent_covered": 100.0, "percent_covered_display": "100", "missing_lines": 0, "excluded_lines": 0, "percent_statements_covered": 100.0, "percent_statements_covered_display": "100"}, "missing_lines": [], "excluded_lines": [], "start_line": 36}, "main": {"executed_lines": [], "summary": {"covered_lines": 0, "num_statements": 12, "percent_covered": 0.0, "percent_covered_display": "0", "missing_lines": 12, "excluded_lines": 0, "percent_statements_covered": 0.0, "percent_statements_covered_display": "0"}, "missing_lines": [50, 51, 52, 53, 54, 55, 56, 57, 58, 59, 60, 61], "excluded_lines": [], "start_line": 49}, "": {"executed_lines": [3, 4, 5, 6, 7, 8, 10, 18, 36, 49, 64], "summary": {"covered_lines": 11, "num_statements": 12, "percent_covered": 91.66666666666667, "percent_covered_display": "92", "missing_lines": 1, "excluded_lines": 0, "percent_statements_covered": 91.66666666666667, "percent_statements_covered_display": "92"}, "missing_lines": [65], "excluded_lines": [], "start_line": 1}}, "classes": {"SELIX": {"executed_lines": [11, 12, 13, 14, 15, 16, 19, 27, 30, 34, 37, 38], "summary": {"covered_lines": 12, "num_statements": 14, "percent_covered": 85.71428571428571, "percent_covered_display": "86", "missing_lines": 2, "excluded_lines": 0, "percent_statements_covered": 85.71428571428571, "percent_statements_covered_display": "86"}, "missing_lines": [31, 32], "excluded_lines": [], "start_line": 3}, "": {"executed_lines": [3, 4, 5, 6, 7, 8, 10, 18, 36, 49, 64], "summary": {"covered_lines": 11, "num_statements": 24, "percent_covered": 45.833333333333336, "percent_covered_display": "46", "missing_lines": 13, "excluded_lines": 0, "percent_statements_covered": 45.833333333333336, "percent_statements_covered_display": "46"}, "missing_lines": [50, 51, 52, 53, 54, 55, 56, 57, 58, 59, 60, 61, 65], "excluded_lines": [], "start_line": 1}}}, "src/selix/energy_predictor.py": {"executed_lines": [3, 6, 15, 23, 30, 31, 33, 34, 36, 38, 39, 41, 42, 44, 46, 47, 49, 50, 56, 57, 63, 64, 71, 78, 79, 90], "summary": {"covered_lines": 26, "num_statements": 40, "percent_covered": 65.0, "percent_covered_display": "65", "missing_lines": 14, "excluded_lines": 0, "percent_statements_covered": 65.0, "percent_statements_covered_display": "65"}, "missing_lines": [35, 43, 81, 92, 93, 94, 96, 97, 98, 99, 100, 101, 102, 103], "excluded_lines": [], "functions": {"EnergyPredictor.get_mistura_e": {"executed_lines": [33, 34, 36], "summary": {"covered_lines": 3, "num_statements": 4, "percent_covered": 75.0, "percent_covered_display": "75", "missing_lines": 1, "excluded_lines": 0, "percent_statements_covered": 75.0, "percent_statements_covered_display": "75"}, "missing_lines": [35], "excluded_lines": [], "start_line": 31}, "EnergyPredictor.get_mistura_b": {"executed_lines": [41, 42, 44], "summary": {"covered_lines": 3, "num_statements": 4, "percent_covered": 75.0, "percent_covered_display": "75", "missing_lines": 1, "excluded_lines": 0, "percent_statements_covered": 75.0, "percent_statements_covered_display": "75"}, "missing_lines": [43], "excluded_lines": [], "start_line": 39}, "EnergyPredictor.get_geracao_termica": {"executed_lines": [49, 50, 56, 57, 63, 64, 71], "summary": {"covered_lines": 7, "num_statements": 7, "percent_covered": 100.0, "percent_covered_display": "100", "missing_lines": 0, "excluded_lines": 0, "percent_statements_covered": 100.0, "percent_statements_covered_display": "100"}, "missing_lines": [], "excluded_lines": [], "start_line": 47}, "EnergyPredictor.get_resumo_energetico": {"executed_lines": [], "summary": {"covered_lines": 0, "num_statements": 1, "percent_covered": 0.0, "percent_covered_display": "0", "missing_lines": 1, "excluded_lines": 0, "percent_statements_covered": 0.0, "percent_statements_covered_display": "0"}, "missing_lines": [81], "excluded_lines": [], "start_line": 79}, "": {"executed_lines": [3, 6, 15, 23, 30, 31, 38, 39, 46, 47, 78, 79, 90], "summary": {"covered_lines": 13, "num_statements": 24, "percent_covered": 54.166666666666664, "percent_covered_display": "54", "missing_lines": 11, "excluded_lines": 0, "percent_statements_covered": 54.166666666666664, "percent_statements_covered_display": "54"}, "missing_lines": [92, 93, 94, 96, 97, 98, 99, 100, 101, 102, 103], "excluded_lines": [], "start_line": 1}}, "classes": {"EnergyPredictor": {"executed_lines": [33, 34, 36, 41, 42, 44, 49, 50, 56, 57, 63, 64, 71], "summary": {"covered_lines": 13, "num_statements": 16, "percent_covered": 81.25, "percent_covered_display": "81", "missing_lines": 3, "excluded_lines": 0, "percent_statements_covered": 81.25, "percent_statements_covered_display": "81"}, "missing_lines": [35, 43, 81], "excluded_lines": [], "start_line": 3}, "": {"executed_lines": [3, 6, 15, 23, 30, 31, 38, 39, 46, 47, 78, 79, 90], "summary": {"covered_lines": 13, "num_statements": 24, "percent_covered": 54.166666666666664, "percent_covered_display": "54", "missing_lines": 11, "excluded_lines": 0, "percent_statements_covered": 54.166666666666664, "percent_statements_covered_display": "54"}, "missing_lines": [92, 93, 94, 96, 97, 98, 99, 100, 101, 102, 103], "excluded_lines": [], "start_line": 1}}}}, "totals": {"covered_lines": 300, "num_statements": 569, "percent_covered": 52.72407732864675, "percent_covered_display": "53", "missing_lines": 269, "excluded_lines": 0, "percent_statements_covered": 52.72407732864675, "percent_statements_covered_display": "53"}}