Name                            Stmts   Miss  Cover   Missing
-------------------------------------------------------------
src/api/key_manager.py             40     17    58%   15, 18-31, 44, 46, 50-53
src/api/main_v4.py                249    144    42%   32, 38, 49-53, 73, 82, 89, 100-107, 123, 129-135, 140-146, 151-157, 162-168, 173-191, 196-206, 216-219, 229-238, 241-242, 251-259, 264-272, 277-292, 302-323, 327-328
src/api/schemas.py                 10      3    70%   14-16
src/selix/core.py                  38     15    61%   31-32, 50-61, 65
src/selix/energy_predictor.py      49     13    73%   103, 152-165
-------------------------------------------------------------
TOTAL                             386    192    50%
